d:\users\little turtle\documents\面向对象程序设计\大程\final\final\debug\vc120.pdb
d:\users\little turtle\documents\面向对象程序设计\大程\final\final\debug\vc120.idb
d:\users\little turtle\documents\面向对象程序设计\大程\final\final\debug\stdafx.obj
d:\users\little turtle\documents\面向对象程序设计\大程\final\final\debug\matrix.obj
d:\users\little turtle\documents\面向对象程序设计\大程\final\final\debug\calc.obj
d:\users\little turtle\documents\面向对象程序设计\大程\final\final\debug\one_y_one_c.obj
d:\users\little turtle\documents\面向对象程序设计\大程\final\final\debug\one_y_three_c.obj
d:\users\little turtle\documents\面向对象程序设计\大程\final\final\debug\one_y_two_c.obj
d:\users\little turtle\documents\面向对象程序设计\大程\final\final\debug\three_y_one_c.obj
d:\users\little turtle\documents\面向对象程序设计\大程\final\final\debug\two_y_one_c.obj
d:\users\little turtle\documents\面向对象程序设计\大程\final\final\debug\main.obj
d:\users\little turtle\documents\面向对象程序设计\大程\final\final\debug\matrix_mul.obj
d:\users\little turtle\documents\面向对象程序设计\大程\final\final\debug\problem.obj
d:\users\little turtle\documents\面向对象程序设计\大程\final\final\debug\sort_class.obj
d:\users\little turtle\documents\面向对象程序设计\大程\final\debug\final.ilk
d:\users\little turtle\documents\面向对象程序设计\大程\final\debug\final.exe
d:\users\little turtle\documents\面向对象程序设计\大程\final\debug\final.pdb
d:\users\little turtle\documents\面向对象程序设计\大程\final\final\debug\final.tlog\cl.command.1.tlog
d:\users\little turtle\documents\面向对象程序设计\大程\final\final\debug\final.tlog\cl.read.1.tlog
d:\users\little turtle\documents\面向对象程序设计\大程\final\final\debug\final.tlog\cl.write.1.tlog
d:\users\little turtle\documents\面向对象程序设计\大程\final\final\debug\final.tlog\link.command.1.tlog
d:\users\little turtle\documents\面向对象程序设计\大程\final\final\debug\final.tlog\link.read.1.tlog
d:\users\little turtle\documents\面向对象程序设计\大程\final\final\debug\final.tlog\link.write.1.tlog
