生成启动时间为 2014/6/20 23:09:36。
     1>项目“C:\Users\vaio\Desktop\Final\Final\Final.vcxproj”在节点 2 上(Build 个目标)。
     1>ClCompile:
         D:\vs\新建文件夹\VC\bin\CL.exe /c /ZI /nologo /W3 /WX- /Od /Oy- /D WIN32 /D _DEBUG /D _CONSOLE /D _LIB /D _UNICODE /D UNICODE /Gm /EHsc /RTC1 /MDd /GS /fp:precise /Zc:wchar_t /Zc:forScope /Fo"Debug\\" /Fd"Debug\vc120.pdb" /Gd /TP /analyze- /errorReport:prompt calc.cpp
         calc.cpp
       Link:
         D:\vs\新建文件夹\VC\bin\link.exe /ERRORREPORT:PROMPT /OUT:"C:\Users\vaio\Desktop\Final\Debug\Final.exe" /INCREMENTAL /NOLOGO kernel32.lib user32.lib gdi32.lib winspool.lib comdlg32.lib advapi32.lib shell32.lib ole32.lib oleaut32.lib uuid.lib odbc32.lib odbccp32.lib /MANIFEST /MANIFESTUAC:"level='asInvoker' uiAccess='false'" /manifest:embed /DEBUG /PDB:"C:\Users\vaio\Desktop\Final\Debug\Final.pdb" /SUBSYSTEM:CONSOLE /TLBID:1 /DYNAMICBASE /NXCOMPAT /IMPLIB:"C:\Users\vaio\Desktop\Final\Debug\Final.lib" /MACHINE:X86 Debug\calc.obj
         Debug\matrix.obj
         Debug\one_y_one_c.obj
         Debug\one_y_three_c.obj
         Debug\one_y_two_c.obj
         Debug\three_y_one_c.obj
         Debug\two_y_one_c.obj
         Debug\main.obj
         Debug\Matrix_Mul.obj
         Debug\problem.obj
         Debug\Sort_Class.obj
         Final.vcxproj -> C:\Users\vaio\Desktop\Final\Debug\Final.exe
     1>已完成生成项目“C:\Users\vaio\Desktop\Final\Final\Final.vcxproj”(Build 个目标)的操作。

生成成功。

已用时间 00:00:01.68
